Requesting AMI for instance i-0c9f730af434451bf...
ami-4a765f35
AMI request complete!
Requesting AMI for instance i-0c9f730af434451bf...
ami-f84b6287
AMI request complete!
Requesting AMI for instance i-0c9f730af434451bf...
ami-aa4c65d5
AMI request complete!
Requesting AMI for instance i-0c9f730af434451bf...
ami-a84c65d7
AMI request complete!
 WindowsServerBackup - 2018-07-07_10-38Requesting AMI for instance i-0c9f730af434451bf...
ami-1d4b6262
AMI request complete!
 WindowsServerBackup - 2018-07-07_10-40Requesting AMI for instance i-0c9f730af434451bf...
ami-59775e26
AMI request complete!
 WindowsServerBackup - 2018-07-07_10-42Requesting AMI for instance i-0c9f730af434451bf...
Requesting AMI for instance i-0c9f730af434451bf...
ami-624a631d
ami-7a486105
AMI request complete!
 WindowsServerBackup - 2018-07-07_10-44AMI request complete!
 WindowsServerBackup - 2018-07-07_10-44Requesting AMI for instance i-0c9f730af434451bf...
Requesting AMI for instance i-0c9f730af434451bf...
ami-6348611c
ami-6248611d
AMI request complete!
 WindowsServerBackup - 2018-07-07_10-46AMI request complete!
 WindowsServerBackup - 2018-07-07_10-46Requesting AMI for instance i-0c9f730af434451bf...
Requesting AMI for instance i-0c9f730af434451bf...
ami-ef4a6390
ami-9e4f66e1
AMI request complete!
 WindowsServerBackup - 2018-07-07_10-48AMI request complete!
 WindowsServerBackup - 2018-07-07_10-48Requesting AMI for instance i-0c9f730af434451bf...
Requesting AMI for instance i-0c9f730af434451bf...
ami-704b620f
ami-3b4c6544
AMI request complete! WindowsServerBackup - 2018-07-07_10-50AMI request complete! WindowsServerBackup - 2018-07-07_10-50Requesting AMI for instance i-0c9f730af434451bf...
Requesting AMI for instance i-0c9f730af434451bf...
ami-dd4960a2
ami-6b4d6414
AMI request complete! WindowsServerBackup - 2018-07-07_10-52AMI request complete! WindowsServerBackup - 2018-07-07_10-52Requesting AMI for instance i-0c9f730af434451bf...
ami-6c486113
AMI request complete! WindowsServerBackup - 2018-07-07_10-54 
Requesting AMI for instance i-0c9f730af434451bf...
ami-334e674c
AMI request complete! WindowsServerBackup - 2018-07-07_10-56 
Requesting AMI for instance i-0c9f730af434451bf...
ami-8a4a63f5
AMI request complete! WindowsServerBackup - 2018-07-07_10-58 
Requesting AMI for instance i-0c9f730af434451bf...
ami-5f4a6320
AMI request complete! WindowsServerBackup - 2018-07-07_11-00 
Requesting AMI for instance i-0c9f730af434451bf...
ami-ef436a90
AMI request complete! WindowsServerBackup - 2018-07-07_11-02 
Requesting AMI for instance i-0c9f730af434451bf...
ami-1a4a6365
AMI request complete! WindowsServerBackup - 2018-07-07_11-04 
Requesting AMI for instance i-0c9f730af434451bf...
ami-9c4069e3
AMI request complete! WindowsServerBackup - 2018-07-07_11-06 
Requesting AMI for instance i-0c9f730af434451bf...
ami-f2446d8d
AMI request complete! WindowsServerBackup - 2018-07-07_11-08 
Requesting AMI for instance i-0c9f730af434451bf...
